\BOOKMARK [1][-]{section.1}{Week 1}{}% 1
\BOOKMARK [2][-]{subsection.1.1}{Reading}{section.1}% 2
\BOOKMARK [3][-]{subsubsection.1.1.1}{Remaining tasks}{subsection.1.1}% 3
\BOOKMARK [2][-]{subsection.1.2}{Coding}{section.1}% 4
\BOOKMARK [3][-]{subsubsection.1.2.1}{Challenges}{subsection.1.2}% 5
\BOOKMARK [3][-]{subsubsection.1.2.2}{Remaining tasks}{subsection.1.2}% 6
\BOOKMARK [2][-]{subsection.1.3}{Building}{section.1}% 7
\BOOKMARK [3][-]{subsubsection.1.3.1}{Remaining tasks}{subsection.1.3}% 8
\BOOKMARK [1][-]{section.2}{Week 2}{}% 9
\BOOKMARK [2][-]{subsection.2.1}{Reading}{section.2}% 10
\BOOKMARK [3][-]{subsubsection.2.1.1}{Remaining tasks}{subsection.2.1}% 11
\BOOKMARK [2][-]{subsection.2.2}{Coding}{section.2}% 12
\BOOKMARK [3][-]{subsubsection.2.2.1}{Remaining tasks}{subsection.2.2}% 13
\BOOKMARK [2][-]{subsection.2.3}{Building}{section.2}% 14
\BOOKMARK [1][-]{section.3}{Week 3}{}% 15
\BOOKMARK [2][-]{subsection.3.1}{Reading}{section.3}% 16
\BOOKMARK [2][-]{subsection.3.2}{Coding}{section.3}% 17
\BOOKMARK [3][-]{subsubsection.3.2.1}{Remaining tasks}{subsection.3.2}% 18
\BOOKMARK [2][-]{subsection.3.3}{Building}{section.3}% 19
\BOOKMARK [3][-]{subsubsection.3.3.1}{Remaining tasks}{subsection.3.3}% 20
\BOOKMARK [1][-]{section.4}{Week 4}{}% 21
\BOOKMARK [2][-]{subsection.4.1}{Building}{section.4}% 22
\BOOKMARK [2][-]{subsection.4.2}{Remaining tasks}{section.4}% 23
\BOOKMARK [1][-]{section.5}{Week 5}{}% 24
\BOOKMARK [2][-]{subsection.5.1}{Reading}{section.5}% 25
\BOOKMARK [3][-]{subsubsection.5.1.1}{Remaining tasks}{subsection.5.1}% 26
\BOOKMARK [2][-]{subsection.5.2}{Building}{section.5}% 27
\BOOKMARK [1][-]{section.6}{Week 6}{}% 28
\BOOKMARK [2][-]{subsection.6.1}{Reading}{section.6}% 29
\BOOKMARK [3][-]{subsubsection.6.1.1}{Remaining tasks}{subsection.6.1}% 30
\BOOKMARK [2][-]{subsection.6.2}{Coding}{section.6}% 31
\BOOKMARK [2][-]{subsection.6.3}{Building}{section.6}% 32
\BOOKMARK [3][-]{subsubsection.6.3.1}{Changes}{subsection.6.3}% 33
\BOOKMARK [3][-]{subsubsection.6.3.2}{Remaining tasks}{subsection.6.3}% 34
\BOOKMARK [1][-]{section.7}{Week 7}{}% 35
\BOOKMARK [2][-]{subsection.7.1}{Coding}{section.7}% 36
\BOOKMARK [3][-]{subsubsection.7.1.1}{Remaining tasks}{subsection.7.1}% 37
\BOOKMARK [2][-]{subsection.7.2}{Building}{section.7}% 38
\BOOKMARK [1][-]{section.8}{Week 8}{}% 39
\BOOKMARK [2][-]{subsection.8.1}{Building}{section.8}% 40
\BOOKMARK [3][-]{subsubsection.8.1.1}{3D Printing}{subsection.8.1}% 41
\BOOKMARK [3][-]{subsubsection.8.1.2}{Circuits and souldering}{subsection.8.1}% 42
\BOOKMARK [3][-]{subsubsection.8.1.3}{Assembly}{subsection.8.1}% 43
\BOOKMARK [3][-]{subsubsection.8.1.4}{Reamining tasks: Electronics and power supply}{subsection.8.1}% 44
\BOOKMARK [2][-]{subsection.8.2}{Code}{section.8}% 45
\BOOKMARK [1][-]{section.9}{Code}{}% 46
\BOOKMARK [2][-]{subsection.9.1}{3D reconstruction from shadows}{section.9}% 47
